# JRE version: OpenJDK Runtime Environment (8.0_242-b01) (build 1.8.0_242-release-1644-b01)
# Java VM: OpenJDK 64-Bit Server VM (25.242-b01 mixed mode windows-amd64 compressed oops)
Heap:
 PSYoungGen      total 523264K, used 523256K [0x00000000d5580000, 0x0000000100000000, 0x0000000100000000)
  eden space 399872K, 100% used [0x00000000d5580000,0x00000000edc00000,0x00000000edc00000)
  from space 123392K, 99% used [0x00000000f8780000,0x00000000ffffe0e8,0x0000000100000000)
  to   space 149504K, 25% used [0x00000000edc00000,0x00000000f00bd7e0,0x00000000f6e00000)
 ParOldGen       total 334336K, used 314007K [0x0000000080000000, 0x0000000094680000, 0x00000000d5580000)
  object space 334336K, 93% used [0x0000000080000000,0x00000000932a5eb0,0x0000000094680000)
 Metaspace       used 120885K, capacity 125950K, committed 126104K, reserved 1159168K
  class space    used 15433K, capacity 16440K, committed 16560K, reserved 1048576K
GC Heap History (10 events):
Event: 60.993 GC heap after
Heap after GC invocations=20 (full 3):
 PSYoungGen      total 403968K, used 28172K [0x00000000d5580000, 0x00000000f4600000, 0x0000000100000000)
  eden space 351232K, 0% used [0x00000000d5580000,0x00000000d5580000,0x00000000eac80000)
  from space 52736K, 53% used [0x00000000eac80000,0x00000000ec803310,0x00000000ee000000)
  to   space 51712K, 0% used [0x00000000f1380000,0x00000000f1380000,0x00000000f4600000)
 ParOldGen       total 208896K, used 102774K [0x0000000080000000, 0x000000008cc00000, 0x00000000d5580000)
  object space 208896K, 49% used [0x0000000080000000,0x000000008645db40,0x000000008cc00000)
 Metaspace       used 94525K, capacity 98424K, committed 98600K, reserved 1134592K
  class space    used 12298K, capacity 13110K, committed 13232K, reserved 1048576K
}
Event: 60.993 GC heap before
{Heap before GC invocations=21 (full 4):
 PSYoungGen      total 403968K, used 28172K [0x00000000d5580000, 0x00000000f4600000, 0x0000000100000000)
  eden space 351232K, 0% used [0x00000000d5580000,0x00000000d5580000,0x00000000eac80000)
  from space 52736K, 53% used [0x00000000eac80000,0x00000000ec803310,0x00000000ee000000)
  to   space 51712K, 0% used [0x00000000f1380000,0x00000000f1380000,0x00000000f4600000)
 ParOldGen       total 208896K, used 102774K [0x0000000080000000, 0x000000008cc00000, 0x00000000d5580000)
  object space 208896K, 49% used [0x0000000080000000,0x000000008645db40,0x000000008cc00000)
 Metaspace       used 94525K, capacity 98424K, committed 98600K, reserved 1134592K
  class space    used 12298K, capacity 13110K, committed 13232K, reserved 1048576K
Event: 61.257 GC heap after
Heap after GC invocations=21 (full 4):
 PSYoungGen      total 403968K, used 0K [0x00000000d5580000, 0x00000000f4600000, 0x0000000100000000)
  eden space 351232K, 0% used [0x00000000d5580000,0x00000000d5580000,0x00000000eac80000)
  from space 52736K, 0% used [0x00000000eac80000,0x00000000eac80000,0x00000000ee000000)
  to   space 51712K, 0% used [0x00000000f1380000,0x00000000f1380000,0x00000000f4600000)
 ParOldGen       total 334336K, used 85587K [0x0000000080000000, 0x0000000094680000, 0x00000000d5580000)
  object space 334336K, 25% used [0x0000000080000000,0x0000000085394e58,0x0000000094680000)
 Metaspace       used 94512K, capacity 98390K, committed 98600K, reserved 1134592K
  class space    used 12294K, capacity 13103K, committed 13232K, reserved 1048576K
}
Event: 64.795 GC heap before
{Heap before GC invocations=22 (full 4):
 PSYoungGen      total 403968K, used 351232K [0x00000000d5580000, 0x00000000f4600000, 0x0000000100000000)
  eden space 351232K, 100% used [0x00000000d5580000,0x00000000eac80000,0x00000000eac80000)
  from space 52736K, 0% used [0x00000000eac80000,0x00000000eac80000,0x00000000ee000000)
  to   space 51712K, 0% used [0x00000000f1380000,0x00000000f1380000,0x00000000f4600000)
 ParOldGen       total 334336K, used 85587K [0x0000000080000000, 0x0000000094680000, 0x00000000d5580000)
  object space 334336K, 25% used [0x0000000080000000,0x0000000085394e58,0x0000000094680000)
 Metaspace       used 113454K, capacity 118090K, committed 118296K, reserved 1153024K
  class space    used 14607K, capacity 15561K, committed 15664K, reserved 1048576K
Event: 64.861 GC heap after
Heap after GC invocations=22 (full 4):
 PSYoungGen      total 430080K, used 51690K [0x00000000d5580000, 0x00000000f8300000, 0x0000000100000000)
  eden space 378368K, 0% used [0x00000000d5580000,0x00000000d5580000,0x00000000ec700000)
  from space 51712K, 99% used [0x00000000f1380000,0x00000000f45fa9d8,0x00000000f4600000)
  to   space 78336K, 0% used [0x00000000ec700000,0x00000000ec700000,0x00000000f1380000)
 ParOldGen       total 334336K, used 136345K [0x0000000080000000, 0x0000000094680000, 0x00000000d5580000)
  object space 334336K, 40% used [0x0000000080000000,0x0000000088526468,0x0000000094680000)
 Metaspace       used 113454K, capacity 118090K, committed 118296K, reserved 1153024K
  class space    used 14607K, capacity 15561K, committed 15664K, reserved 1048576K
}
Event: 66.671 GC heap before
{Heap before GC invocations=23 (full 4):
 PSYoungGen      total 430080K, used 430058K [0x00000000d5580000, 0x00000000f8300000, 0x0000000100000000)
  eden space 378368K, 100% used [0x00000000d5580000,0x00000000ec700000,0x00000000ec700000)
  from space 51712K, 99% used [0x00000000f1380000,0x00000000f45fa9d8,0x00000000f4600000)
  to   space 78336K, 0% used [0x00000000ec700000,0x00000000ec700000,0x00000000f1380000)
 ParOldGen       total 334336K, used 136345K [0x0000000080000000, 0x0000000094680000, 0x00000000d5580000)
  object space 334336K, 40% used [0x0000000080000000,0x0000000088526468,0x0000000094680000)
 Metaspace       used 117451K, capacity 122204K, committed 122392K, reserved 1155072K
  class space    used 15120K, capacity 16068K, committed 16176K, reserved 1048576K
Event: 66.895 GC heap after
Heap after GC invocations=23 (full 4):
 PSYoungGen      total 456704K, used 78327K [0x00000000d5580000, 0x0000000100000000, 0x0000000100000000)
  eden space 378368K, 0% used [0x00000000d5580000,0x00000000d5580000,0x00000000ec700000)
  from space 78336K, 99% used [0x00000000ec700000,0x00000000f137dc70,0x00000000f1380000)
  to   space 123392K, 0% used [0x00000000f8780000,0x00000000f8780000,0x0000000100000000)
 ParOldGen       total 334336K, used 223243K [0x0000000080000000, 0x0000000094680000, 0x00000000d5580000)
  object space 334336K, 66% used [0x0000000080000000,0x000000008da02d18,0x0000000094680000)
 Metaspace       used 117451K, capacity 122204K, committed 122392K, reserved 1155072K
  class space    used 15120K, capacity 16068K, committed 16176K, reserved 1048576K
}
Event: 69.493 GC heap before
{Heap before GC invocations=24 (full 4):
 PSYoungGen      total 456704K, used 456695K [0x00000000d5580000, 0x0000000100000000, 0x0000000100000000)
  eden space 378368K, 100% used [0x00000000d5580000,0x00000000ec700000,0x00000000ec700000)
  from space 78336K, 99% used [0x00000000ec700000,0x00000000f137dc70,0x00000000f1380000)
  to   space 123392K, 0% used [0x00000000f8780000,0x00000000f8780000,0x0000000100000000)
 ParOldGen       total 334336K, used 223243K [0x0000000080000000, 0x0000000094680000, 0x00000000d5580000)
  object space 334336K, 66% used [0x0000000080000000,0x000000008da02d18,0x0000000094680000)
 Metaspace       used 117870K, capacity 122592K, committed 122904K, reserved 1157120K
  class space    used 15131K, capacity 16078K, committed 16176K, reserved 1048576K
Event: 69.629 GC heap after
Heap after GC invocations=24 (full 4):
 PSYoungGen      total 523264K, used 123384K [0x00000000d5580000, 0x0000000100000000, 0x0000000100000000)
  eden space 399872K, 0% used [0x00000000d5580000,0x00000000d5580000,0x00000000edc00000)
  from space 123392K, 99% used [0x00000000f8780000,0x00000000ffffe0e8,0x0000000100000000)
  to   space 149504K, 0% used [0x00000000edc00000,0x00000000edc00000,0x00000000f6e00000)
 ParOldGen       total 334336K, used 236483K [0x0000000080000000, 0x0000000094680000, 0x00000000d5580000)
  object space 334336K, 70% used [0x0000000080000000,0x000000008e6f0c68,0x0000000094680000)
 Metaspace       used 117870K, capacity 122592K, committed 122904K, reserved 1157120K
  class space    used 15131K, capacity 16078K, committed 16176K, reserved 1048576K
}
Event: 104.460 GC heap before
{Heap before GC invocations=25 (full 4):
 PSYoungGen      total 523264K, used 523256K [0x00000000d5580000, 0x0000000100000000, 0x0000000100000000)
  eden space 399872K, 100% used [0x00000000d5580000,0x00000000edc00000,0x00000000edc00000)
  from space 123392K, 99% used [0x00000000f8780000,0x00000000ffffe0e8,0x0000000100000000)
  to   space 149504K, 0% used [0x00000000edc00000,0x00000000edc00000,0x00000000f6e00000)
 ParOldGen       total 334336K, used 236483K [0x0000000080000000, 0x0000000094680000, 0x00000000d5580000)
  object space 334336K, 70% used [0x0000000080000000,0x000000008e6f0c90,0x0000000094680000)
 Metaspace       used 120885K, capacity 125950K, committed 126104K, reserved 1159168K
  class space    used 15433K, capacity 16440K, committed 16560K, reserved 1048576K

